<?xml version="1.0" encoding="UTF-8"?>
<testng-results skipped="0" failed="1" total="10" passed="9">
  <reporter-output>
  </reporter-output>
  <suite name="Suite" duration-ms="1392911" started-at="2014-09-29T04:19:58Z" finished-at="2014-09-29T04:43:11Z">
    <groups>
    </groups>
    <test name="tests" duration-ms="1392911" started-at="2014-09-29T04:19:58Z" finished-at="2014-09-29T04:43:11Z">
      <class name="test.SignUp">
        <test-method status="PASS" signature="beforeTest(java.lang.String)[pri:0, instance:test.SignUp@1449aa1]" name="beforeTest" is-config="true" duration-ms="28794" started-at="2014-09-29T09:49:58Z" finished-at="2014-09-29T09:50:27Z">
          <params>
            <param index="0">
              <value>
                <![CDATA[http://kustommade.tk:9980/]]>
              </value>
            </param>
          </params>
          <reporter-output>
          </reporter-output>
        </test-method> <!-- beforeTest -->
        <test-method status="PASS" signature="AccessoriesPage(java.lang.String)[pri:0, instance:test.SignUp@1449aa1]" name="AccessoriesPage" duration-ms="189038" started-at="2014-09-29T09:50:27Z" finished-at="2014-09-29T09:53:36Z">
          <params>
            <param index="0">
              <value>
                <![CDATA[http://kustommade.tk:9980/]]>
              </value>
            </param>
          </params>
          <reporter-output>
          </reporter-output>
        </test-method> <!-- AccessoriesPage -->
        <test-method status="PASS" signature="afterTest()[pri:0, instance:test.SignUp@1449aa1]" name="afterTest" is-config="true" duration-ms="2279" started-at="2014-09-29T09:53:36Z" finished-at="2014-09-29T09:53:38Z">
          <reporter-output>
          </reporter-output>
        </test-method> <!-- afterTest -->
        <test-method status="PASS" signature="beforeTest(java.lang.String)[pri:0, instance:test.SignUp@1449aa1]" name="beforeTest" is-config="true" duration-ms="21465" started-at="2014-09-29T09:53:38Z" finished-at="2014-09-29T09:54:00Z">
          <params>
            <param index="0">
              <value>
                <![CDATA[http://kustommade.tk:9980/]]>
              </value>
            </param>
          </params>
          <reporter-output>
          </reporter-output>
        </test-method> <!-- beforeTest -->
        <test-method status="PASS" signature="CartPage(java.lang.String)[pri:0, instance:test.SignUp@1449aa1]" name="CartPage" duration-ms="213893" started-at="2014-09-29T09:54:00Z" finished-at="2014-09-29T09:57:34Z">
          <params>
            <param index="0">
              <value>
                <![CDATA[http://kustommade.tk:9980/]]>
              </value>
            </param>
          </params>
          <reporter-output>
          </reporter-output>
        </test-method> <!-- CartPage -->
        <test-method status="PASS" signature="afterTest()[pri:0, instance:test.SignUp@1449aa1]" name="afterTest" is-config="true" duration-ms="1709" started-at="2014-09-29T09:57:34Z" finished-at="2014-09-29T09:57:35Z">
          <reporter-output>
          </reporter-output>
        </test-method> <!-- afterTest -->
        <test-method status="PASS" signature="beforeTest(java.lang.String)[pri:0, instance:test.SignUp@1449aa1]" name="beforeTest" is-config="true" duration-ms="21717" started-at="2014-09-29T09:57:35Z" finished-at="2014-09-29T09:57:57Z">
          <params>
            <param index="0">
              <value>
                <![CDATA[http://kustommade.tk:9980/]]>
              </value>
            </param>
          </params>
          <reporter-output>
          </reporter-output>
        </test-method> <!-- beforeTest -->
        <test-method status="PASS" signature="DimensionsPage(java.lang.String)[pri:0, instance:test.SignUp@1449aa1]" name="DimensionsPage" duration-ms="71070" started-at="2014-09-29T09:57:57Z" finished-at="2014-09-29T09:59:08Z">
          <params>
            <param index="0">
              <value>
                <![CDATA[http://kustommade.tk:9980/]]>
              </value>
            </param>
          </params>
          <reporter-output>
          </reporter-output>
        </test-method> <!-- DimensionsPage -->
        <test-method status="PASS" signature="afterTest()[pri:0, instance:test.SignUp@1449aa1]" name="afterTest" is-config="true" duration-ms="1689" started-at="2014-09-29T09:59:08Z" finished-at="2014-09-29T09:59:10Z">
          <reporter-output>
          </reporter-output>
        </test-method> <!-- afterTest -->
        <test-method status="PASS" signature="beforeTest(java.lang.String)[pri:0, instance:test.SignUp@1449aa1]" name="beforeTest" is-config="true" duration-ms="21156" started-at="2014-09-29T09:59:10Z" finished-at="2014-09-29T09:59:31Z">
          <params>
            <param index="0">
              <value>
                <![CDATA[http://kustommade.tk:9980/]]>
              </value>
            </param>
          </params>
          <reporter-output>
          </reporter-output>
        </test-method> <!-- beforeTest -->
        <test-method status="PASS" signature="DoorTypePage(java.lang.String)[pri:0, instance:test.SignUp@1449aa1]" name="DoorTypePage" duration-ms="87162" started-at="2014-09-29T09:59:31Z" finished-at="2014-09-29T10:00:58Z">
          <params>
            <param index="0">
              <value>
                <![CDATA[http://kustommade.tk:9980/]]>
              </value>
            </param>
          </params>
          <reporter-output>
          </reporter-output>
        </test-method> <!-- DoorTypePage -->
        <test-method status="PASS" signature="afterTest()[pri:0, instance:test.SignUp@1449aa1]" name="afterTest" is-config="true" duration-ms="2051" started-at="2014-09-29T10:00:58Z" finished-at="2014-09-29T10:01:00Z">
          <reporter-output>
          </reporter-output>
        </test-method> <!-- afterTest -->
        <test-method status="PASS" signature="beforeTest(java.lang.String)[pri:0, instance:test.SignUp@1449aa1]" name="beforeTest" is-config="true" duration-ms="21422" started-at="2014-09-29T10:01:00Z" finished-at="2014-09-29T10:01:22Z">
          <params>
            <param index="0">
              <value>
                <![CDATA[http://kustommade.tk:9980/]]>
              </value>
            </param>
          </params>
          <reporter-output>
          </reporter-output>
        </test-method> <!-- beforeTest -->
        <test-method status="PASS" signature="ExteriorsPage(java.lang.String)[pri:0, instance:test.SignUp@1449aa1]" name="ExteriorsPage" duration-ms="164026" started-at="2014-09-29T10:01:22Z" finished-at="2014-09-29T10:04:06Z">
          <params>
            <param index="0">
              <value>
                <![CDATA[http://kustommade.tk:9980/]]>
              </value>
            </param>
          </params>
          <reporter-output>
          </reporter-output>
        </test-method> <!-- ExteriorsPage -->
        <test-method status="PASS" signature="afterTest()[pri:0, instance:test.SignUp@1449aa1]" name="afterTest" is-config="true" duration-ms="1749" started-at="2014-09-29T10:04:06Z" finished-at="2014-09-29T10:04:07Z">
          <reporter-output>
          </reporter-output>
        </test-method> <!-- afterTest -->
        <test-method status="PASS" signature="beforeTest(java.lang.String)[pri:0, instance:test.SignUp@1449aa1]" name="beforeTest" is-config="true" duration-ms="21467" started-at="2014-09-29T10:04:07Z" finished-at="2014-09-29T10:04:29Z">
          <params>
            <param index="0">
              <value>
                <![CDATA[http://kustommade.tk:9980/]]>
              </value>
            </param>
          </params>
          <reporter-output>
          </reporter-output>
        </test-method> <!-- beforeTest -->
        <test-method status="PASS" signature="InteriorsPage(java.lang.String)[pri:0, instance:test.SignUp@1449aa1]" name="InteriorsPage" duration-ms="98666" started-at="2014-09-29T10:04:29Z" finished-at="2014-09-29T10:06:08Z">
          <params>
            <param index="0">
              <value>
                <![CDATA[http://kustommade.tk:9980/]]>
              </value>
            </param>
          </params>
          <reporter-output>
          </reporter-output>
        </test-method> <!-- InteriorsPage -->
        <test-method status="PASS" signature="afterTest()[pri:0, instance:test.SignUp@1449aa1]" name="afterTest" is-config="true" duration-ms="1643" started-at="2014-09-29T10:06:08Z" finished-at="2014-09-29T10:06:09Z">
          <reporter-output>
          </reporter-output>
        </test-method> <!-- afterTest -->
        <test-method status="PASS" signature="beforeTest(java.lang.String)[pri:0, instance:test.SignUp@1449aa1]" name="beforeTest" is-config="true" duration-ms="20854" started-at="2014-09-29T10:06:09Z" finished-at="2014-09-29T10:06:30Z">
          <params>
            <param index="0">
              <value>
                <![CDATA[http://kustommade.tk:9980/]]>
              </value>
            </param>
          </params>
          <reporter-output>
          </reporter-output>
        </test-method> <!-- beforeTest -->
        <test-method status="PASS" signature="LandingPage(java.lang.String)[pri:0, instance:test.SignUp@1449aa1]" name="LandingPage" duration-ms="51915" started-at="2014-09-29T10:06:30Z" finished-at="2014-09-29T10:07:22Z">
          <params>
            <param index="0">
              <value>
                <![CDATA[http://kustommade.tk:9980/]]>
              </value>
            </param>
          </params>
          <reporter-output>
          </reporter-output>
        </test-method> <!-- LandingPage -->
        <test-method status="PASS" signature="afterTest()[pri:0, instance:test.SignUp@1449aa1]" name="afterTest" is-config="true" duration-ms="2015" started-at="2014-09-29T10:07:22Z" finished-at="2014-09-29T10:07:24Z">
          <reporter-output>
          </reporter-output>
        </test-method> <!-- afterTest -->
        <test-method status="PASS" signature="beforeTest(java.lang.String)[pri:0, instance:test.SignUp@1449aa1]" name="beforeTest" is-config="true" duration-ms="20823" started-at="2014-09-29T10:07:24Z" finished-at="2014-09-29T10:07:45Z">
          <params>
            <param index="0">
              <value>
                <![CDATA[http://kustommade.tk:9980/]]>
              </value>
            </param>
          </params>
          <reporter-output>
          </reporter-output>
        </test-method> <!-- beforeTest -->
        <test-method status="PASS" signature="OrderPage(java.lang.String)[pri:0, instance:test.SignUp@1449aa1]" name="OrderPage" duration-ms="196368" started-at="2014-09-29T10:07:45Z" finished-at="2014-09-29T10:11:01Z">
          <params>
            <param index="0">
              <value>
                <![CDATA[http://kustommade.tk:9980/]]>
              </value>
            </param>
          </params>
          <reporter-output>
          </reporter-output>
        </test-method> <!-- OrderPage -->
        <test-method status="PASS" signature="afterTest()[pri:0, instance:test.SignUp@1449aa1]" name="afterTest" is-config="true" duration-ms="1779" started-at="2014-09-29T10:11:01Z" finished-at="2014-09-29T10:11:03Z">
          <reporter-output>
          </reporter-output>
        </test-method> <!-- afterTest -->
        <test-method status="PASS" signature="beforeTest(java.lang.String)[pri:0, instance:test.SignUp@1449aa1]" name="beforeTest" is-config="true" duration-ms="20943" started-at="2014-09-29T10:11:03Z" finished-at="2014-09-29T10:11:24Z">
          <params>
            <param index="0">
              <value>
                <![CDATA[http://kustommade.tk:9980/]]>
              </value>
            </param>
          </params>
          <reporter-output>
          </reporter-output>
        </test-method> <!-- beforeTest -->
        <test-method status="FAIL" signature="Subscribe(java.lang.String)[pri:0, instance:test.SignUp@1449aa1]" name="Subscribe" duration-ms="18505" started-at="2014-09-29T10:11:24Z" finished-at="2014-09-29T10:11:42Z">
          <params>
            <param index="0">
              <value>
                <![CDATA[http://kustommade.tk:9980/]]>
              </value>
            </param>
          </params>
          <exception class="java.lang.AssertionError">
            <message>
              <![CDATA[Forgot password not displayed expected [Email Sent. Login to your mail to reset your password] but found []]]>
            </message>
            <full-stacktrace>
              <![CDATA[java.lang.AssertionError: Forgot password not displayed expected [Email Sent. Login to your mail to reset your password] but found []
	at org.testng.Assert.fail(Assert.java:94)
	at org.testng.Assert.failNotEquals(Assert.java:494)
	at org.testng.Assert.assertEquals(Assert.java:123)
	at org.testng.Assert.assertEquals(Assert.java:176)
	at test.SignUp.forgotPassword(Unknown Source)
	at test.SignUp.Subscribe(Unknown Source)
	at sun.reflect.NativeMethodAccessorImpl.invoke0(Native Method)
	at sun.reflect.NativeMethodAccessorImpl.invoke(NativeMethodAccessorImpl.java:57)
	at sun.reflect.DelegatingMethodAccessorImpl.invoke(DelegatingMethodAccessorImpl.java:43)
	at java.lang.reflect.Method.invoke(Method.java:601)
	at org.testng.internal.MethodInvocationHelper.invokeMethod(MethodInvocationHelper.java:80)
	at org.testng.internal.Invoker.invokeMethod(Invoker.java:714)
	at org.testng.internal.Invoker.invokeTestMethod(Invoker.java:901)
	at org.testng.internal.Invoker.invokeTestMethods(Invoker.java:1231)
	at org.testng.internal.TestMethodWorker.invokeTestMethods(TestMethodWorker.java:127)
	at org.testng.internal.TestMethodWorker.run(TestMethodWorker.java:111)
	at org.testng.TestRunner.privateRun(TestRunner.java:767)
	at org.testng.TestRunner.run(TestRunner.java:617)
	at org.testng.SuiteRunner.runTest(SuiteRunner.java:334)
	at org.testng.SuiteRunner.runSequentially(SuiteRunner.java:329)
	at org.testng.SuiteRunner.privateRun(SuiteRunner.java:291)
	at org.testng.SuiteRunner.run(SuiteRunner.java:240)
	at org.testng.SuiteRunnerWorker.runSuite(SuiteRunnerWorker.java:52)
	at org.testng.SuiteRunnerWorker.run(SuiteRunnerWorker.java:86)
	at org.testng.TestNG.runSuitesSequentially(TestNG.java:1198)
	at org.testng.TestNG.runSuitesLocally(TestNG.java:1123)
	at org.testng.TestNG.run(TestNG.java:1031)
	at org.testng.TestNG.privateMain(TestNG.java:1338)
	at org.testng.TestNG.main(TestNG.java:1307)
]]>
            </full-stacktrace>
          </exception> <!-- java.lang.AssertionError -->
          <reporter-output>
          </reporter-output>
        </test-method> <!-- Subscribe -->
        <test-method status="PASS" signature="afterTest()[pri:0, instance:test.SignUp@1449aa1]" name="afterTest" is-config="true" duration-ms="1879" started-at="2014-09-29T10:11:42Z" finished-at="2014-09-29T10:11:44Z">
          <reporter-output>
          </reporter-output>
        </test-method> <!-- afterTest -->
        <test-method status="PASS" signature="beforeTest(java.lang.String)[pri:0, instance:test.SignUp@1449aa1]" name="beforeTest" is-config="true" duration-ms="29866" started-at="2014-09-29T10:11:44Z" finished-at="2014-09-29T10:12:14Z">
          <params>
            <param index="0">
              <value>
                <![CDATA[http://kustommade.tk:9980/]]>
              </value>
            </param>
          </params>
          <reporter-output>
          </reporter-output>
        </test-method> <!-- beforeTest -->
        <test-method status="PASS" signature="TemplatesPage(java.lang.String)[pri:0, instance:test.SignUp@1449aa1]" name="TemplatesPage" duration-ms="54964" started-at="2014-09-29T10:12:14Z" finished-at="2014-09-29T10:13:09Z">
          <params>
            <param index="0">
              <value>
                <![CDATA[http://kustommade.tk:9980/]]>
              </value>
            </param>
          </params>
          <reporter-output>
          </reporter-output>
        </test-method> <!-- TemplatesPage -->
        <test-method status="PASS" signature="afterTest()[pri:0, instance:test.SignUp@1449aa1]" name="afterTest" is-config="true" duration-ms="1978" started-at="2014-09-29T10:13:09Z" finished-at="2014-09-29T10:13:11Z">
          <reporter-output>
          </reporter-output>
        </test-method> <!-- afterTest -->
      </class> <!-- test.SignUp -->
    </test> <!-- tests -->
  </suite> <!-- Suite -->
</testng-results>
