<?xml version="1.0" encoding="UTF-8"?>
<!-- Generated by org.testng.reporters.JUnitXMLReporter -->
<testsuite hostname="Dinesh-PC" name="tests" tests="10" failures="0" timestamp="29 Sep 2014 04:07:14 GMT" time="18.718" errors="0">
  <testcase name="@BeforeMethod beforeTest" time="0.0" classname="test.SignUp">
    <failure type="org.openqa.selenium.NoSuchWindowException" message="no such window: target window already closed
from unknown error: web view not found
  (Session info: chrome=37.0.2062.124)
  (Driver info: chromedriver=2.10.267521,platform=Windows NT 6.1 SP1 x86) (WARNING: The server did not provide any stacktrace information)
Command duration or timeout: 3 milliseconds
Build info: version: &amp;apos;2.42.2&amp;apos;, revision: &amp;apos;6a6995d&amp;apos;, time: &amp;apos;2014-06-03 17:42:30&amp;apos;
System info: host: &amp;apos;Dinesh-PC&amp;apos;, ip: &amp;apos;192.168.0.118&amp;apos;, os.name: &amp;apos;Windows 7&amp;apos;, os.arch: &amp;apos;x86&amp;apos;, os.version: &amp;apos;6.1&amp;apos;, java.version: &amp;apos;1.7.0_65&amp;apos;
Session ID: de3d44f0a6abef65b77fdd40689083d2
Driver info: org.openqa.selenium.chrome.ChromeDriver
Capabilities [{platform=XP, acceptSslCerts=true, javascriptEnabled=true, browserName=chrome, chrome={userDataDir=C:\Users\Dinesh\AppData\Local\Temp\scoped_dir5552_32547}, rotatable=false, locationContextEnabled=true, version=37.0.2062.124, takesHeapSnapshot=true, cssSelectorsEnabled=true, databaseEnabled=false, handlesAlerts=true, browserConnectionEnabled=false, nativeEvents=true, webStorageEnabled=true, applicationCacheEnabled=false, takesScreenshot=true}]">
      <![CDATA[org.openqa.selenium.NoSuchWindowException: no such window: target window already closed
from unknown error: web view not found
  (Session info: chrome=37.0.2062.124)
  (Driver info: chromedriver=2.10.267521,platform=Windows NT 6.1 SP1 x86) (WARNING: The server did not provide any stacktrace information)
Command duration or timeout: 3 milliseconds
Build info: version: '2.42.2', revision: '6a6995d', time: '2014-06-03 17:42:30'
System info: host: 'Dinesh-PC', ip: '192.168.0.118', os.name: 'Windows 7', os.arch: 'x86', os.version: '6.1', java.version: '1.7.0_65'
Session ID: de3d44f0a6abef65b77fdd40689083d2
Driver info: org.openqa.selenium.chrome.ChromeDriver
Capabilities [{platform=XP, acceptSslCerts=true, javascriptEnabled=true, browserName=chrome, chrome={userDataDir=C:\Users\Dinesh\AppData\Local\Temp\scoped_dir5552_32547}, rotatable=false, locationContextEnabled=true, version=37.0.2062.124, takesHeapSnapshot=true, cssSelectorsEnabled=true, databaseEnabled=false, handlesAlerts=true, browserConnectionEnabled=false, nativeEvents=true, webStorageEnabled=true, applicationCacheEnabled=false, takesScreenshot=true}]
	at org.openqa.selenium.remote.ErrorHandler.createThrowable(ErrorHandler.java:204)
	at org.openqa.selenium.remote.ErrorHandler.throwIfResponseFailed(ErrorHandler.java:156)
	at org.openqa.selenium.remote.RemoteWebDriver.execute(RemoteWebDriver.java:599)
	at org.openqa.selenium.remote.RemoteWebDriver.findElement(RemoteWebDriver.java:352)
	at org.openqa.selenium.remote.RemoteWebDriver.findElementByXPath(RemoteWebDriver.java:449)
	at org.openqa.selenium.By$ByXPath.findElement(By.java:357)
	at org.openqa.selenium.remote.RemoteWebDriver.findElement(RemoteWebDriver.java:344)
	at test.SignUp.beforeTest(SignUp.java:28)
... Removed 30 stack frames]]>
    </failure>
  </testcase> <!-- @BeforeMethod beforeTest -->
  <testcase name="@AfterMethod afterTest" time="0.0" classname="test.SignUp">
    <skipped/>
  </testcase> <!-- @AfterMethod afterTest -->
  <testcase name="@BeforeMethod beforeTest" time="0.0" classname="test.SignUp">
    <skipped/>
  </testcase> <!-- @BeforeMethod beforeTest -->
  <testcase name="@AfterMethod afterTest" time="0.0" classname="test.SignUp">
    <skipped/>
  </testcase> <!-- @AfterMethod afterTest -->
  <testcase name="@BeforeMethod beforeTest" time="0.0" classname="test.SignUp">
    <skipped/>
  </testcase> <!-- @BeforeMethod beforeTest -->
  <testcase name="@AfterMethod afterTest" time="0.0" classname="test.SignUp">
    <skipped/>
  </testcase> <!-- @AfterMethod afterTest -->
  <testcase name="@BeforeMethod beforeTest" time="0.0" classname="test.SignUp">
    <skipped/>
  </testcase> <!-- @BeforeMethod beforeTest -->
  <testcase name="@AfterMethod afterTest" time="0.0" classname="test.SignUp">
    <skipped/>
  </testcase> <!-- @AfterMethod afterTest -->
  <testcase name="@BeforeMethod beforeTest" time="0.0" classname="test.SignUp">
    <skipped/>
  </testcase> <!-- @BeforeMethod beforeTest -->
  <testcase name="@AfterMethod afterTest" time="0.0" classname="test.SignUp">
    <skipped/>
  </testcase> <!-- @AfterMethod afterTest -->
  <testcase name="@BeforeMethod beforeTest" time="0.0" classname="test.SignUp">
    <skipped/>
  </testcase> <!-- @BeforeMethod beforeTest -->
  <testcase name="@AfterMethod afterTest" time="0.0" classname="test.SignUp">
    <skipped/>
  </testcase> <!-- @AfterMethod afterTest -->
  <testcase name="@BeforeMethod beforeTest" time="0.0" classname="test.SignUp">
    <skipped/>
  </testcase> <!-- @BeforeMethod beforeTest -->
  <testcase name="@AfterMethod afterTest" time="0.0" classname="test.SignUp">
    <skipped/>
  </testcase> <!-- @AfterMethod afterTest -->
  <testcase name="@BeforeMethod beforeTest" time="0.0" classname="test.SignUp">
    <skipped/>
  </testcase> <!-- @BeforeMethod beforeTest -->
  <testcase name="@AfterMethod afterTest" time="0.0" classname="test.SignUp">
    <skipped/>
  </testcase> <!-- @AfterMethod afterTest -->
  <testcase name="@BeforeMethod beforeTest" time="0.0" classname="test.SignUp">
    <skipped/>
  </testcase> <!-- @BeforeMethod beforeTest -->
  <testcase name="@AfterMethod afterTest" time="0.0" classname="test.SignUp">
    <skipped/>
  </testcase> <!-- @AfterMethod afterTest -->
  <testcase name="@BeforeMethod beforeTest" time="0.0" classname="test.SignUp">
    <skipped/>
  </testcase> <!-- @BeforeMethod beforeTest -->
  <testcase name="@AfterMethod afterTest" time="0.0" classname="test.SignUp">
    <skipped/>
  </testcase> <!-- @AfterMethod afterTest -->
  <testcase name="AccessoriesPage" time="0.001" classname="test.SignUp">
    <skipped/>
  </testcase> <!-- AccessoriesPage -->
  <testcase name="CartPage" time="0.001" classname="test.SignUp">
    <skipped/>
  </testcase> <!-- CartPage -->
  <testcase name="DimensionsPage" time="0.001" classname="test.SignUp">
    <skipped/>
  </testcase> <!-- DimensionsPage -->
  <testcase name="DoorTypePage" time="0.001" classname="test.SignUp">
    <skipped/>
  </testcase> <!-- DoorTypePage -->
  <testcase name="ExteriorsPage" time="0.001" classname="test.SignUp">
    <skipped/>
  </testcase> <!-- ExteriorsPage -->
  <testcase name="InteriorsPage" time="0.001" classname="test.SignUp">
    <skipped/>
  </testcase> <!-- InteriorsPage -->
  <testcase name="LandingPage" time="0.001" classname="test.SignUp">
    <skipped/>
  </testcase> <!-- LandingPage -->
  <testcase name="OrderPage" time="1.016" classname="test.SignUp">
    <skipped/>
  </testcase> <!-- OrderPage -->
  <testcase name="Subscribe" time="0.001" classname="test.SignUp">
    <skipped/>
  </testcase> <!-- Subscribe -->
  <testcase name="TemplatesPage" time="0.001" classname="test.SignUp">
    <skipped/>
  </testcase> <!-- TemplatesPage -->
</testsuite> <!-- tests -->
