<?xml version="1.0" encoding="UTF-8"?>
<!-- Generated by org.testng.reporters.JUnitXMLReporter -->
<testsuite hostname="User2" name="tests" tests="10" failures="1" timestamp="29 Sep 2014 04:43:11 GMT" time="1392.911" errors="0">
  <testcase name="AccessoriesPage" time="189.038" classname="test.SignUp"/>
  <testcase name="CartPage" time="213.893" classname="test.SignUp"/>
  <testcase name="DimensionsPage" time="71.07" classname="test.SignUp"/>
  <testcase name="DoorTypePage" time="87.162" classname="test.SignUp"/>
  <testcase name="ExteriorsPage" time="164.026" classname="test.SignUp"/>
  <testcase name="InteriorsPage" time="98.666" classname="test.SignUp"/>
  <testcase name="LandingPage" time="51.915" classname="test.SignUp"/>
  <testcase name="OrderPage" time="196.368" classname="test.SignUp"/>
  <testcase name="Subscribe" time="18.505" classname="test.SignUp">
    <failure type="java.lang.AssertionError" message="Forgot password not displayed expected [Email Sent. Login to your mail to reset your password] but found []">
      <![CDATA[java.lang.AssertionError: Forgot password not displayed expected [Email Sent. Login to your mail to reset your password] but found []
	at test.SignUp.forgotPassword(Unknown Source)
	at test.SignUp.Subscribe(Unknown Source)
... Removed 27 stack frames]]>
    </failure>
  </testcase> <!-- Subscribe -->
  <testcase name="TemplatesPage" time="54.964" classname="test.SignUp"/>
</testsuite> <!-- tests -->
