<?xml version="1.0" encoding="UTF-8"?>
<!-- Generated by org.testng.reporters.JUnitXMLReporter -->
<testsuite hostname="Dinesh-PC" name="tests" tests="9" failures="0" timestamp="8 Oct 2014 07:28:40 GMT" time="5.124" errors="0">
  <testcase name="@BeforeMethod beforeTest" time="0.0" classname="test.FullPanel1">
    <failure type="org.openqa.selenium.WebDriverException" message="unknown error: chrome failed to start
  (Driver info: chromedriver=2.10.267521,platform=Windows NT 6.1 SP1 x86) (WARNING: The server did not provide any stacktrace information)
Command duration or timeout: 1.09 seconds
Build info: version: &amp;apos;2.42.2&amp;apos;, revision: &amp;apos;6a6995d&amp;apos;, time: &amp;apos;2014-06-03 17:42:30&amp;apos;
System info: host: &amp;apos;Dinesh-PC&amp;apos;, ip: &amp;apos;192.168.0.101&amp;apos;, os.name: &amp;apos;Windows 7&amp;apos;, os.arch: &amp;apos;x86&amp;apos;, os.version: &amp;apos;6.1&amp;apos;, java.version: &amp;apos;1.7.0_65&amp;apos;
Driver info: org.openqa.selenium.chrome.ChromeDriver">
      <![CDATA[org.openqa.selenium.WebDriverException: unknown error: chrome failed to start
  (Driver info: chromedriver=2.10.267521,platform=Windows NT 6.1 SP1 x86) (WARNING: The server did not provide any stacktrace information)
Command duration or timeout: 1.09 seconds
Build info: version: '2.42.2', revision: '6a6995d', time: '2014-06-03 17:42:30'
System info: host: 'Dinesh-PC', ip: '192.168.0.101', os.name: 'Windows 7', os.arch: 'x86', os.version: '6.1', java.version: '1.7.0_65'
Driver info: org.openqa.selenium.chrome.ChromeDriver
	at org.openqa.selenium.remote.ErrorHandler.createThrowable(ErrorHandler.java:204)
	at org.openqa.selenium.remote.ErrorHandler.throwIfResponseFailed(ErrorHandler.java:156)
	at org.openqa.selenium.remote.RemoteWebDriver.execute(RemoteWebDriver.java:599)
	at org.openqa.selenium.remote.RemoteWebDriver.startSession(RemoteWebDriver.java:240)
	at org.openqa.selenium.remote.RemoteWebDriver.<init>(RemoteWebDriver.java:126)
	at org.openqa.selenium.remote.RemoteWebDriver.<init>(RemoteWebDriver.java:139)
	at org.openqa.selenium.chrome.ChromeDriver.<init>(ChromeDriver.java:171)
	at org.openqa.selenium.chrome.ChromeDriver.<init>(ChromeDriver.java:139)
	at test.FullPanel1.beforeTest(FullPanel1.java:31)
	at java.util.concurrent.ThreadPoolExecutor.runWorker(Unknown Source)
	at java.util.concurrent.ThreadPoolExecutor$Worker.run(Unknown Source)
	at java.lang.Thread.run(Unknown Source)
... Removed 16 stack frames]]>
    </failure>
  </testcase> <!-- @BeforeMethod beforeTest -->
  <testcase name="@BeforeMethod beforeTest" time="0.0" classname="test.FullPanel3">
    <failure type="org.openqa.selenium.WebDriverException" message="unknown error: chrome failed to start
  (Driver info: chromedriver=2.10.267521,platform=Windows NT 6.1 SP1 x86) (WARNING: The server did not provide any stacktrace information)
Command duration or timeout: 1.08 seconds
Build info: version: &amp;apos;2.42.2&amp;apos;, revision: &amp;apos;6a6995d&amp;apos;, time: &amp;apos;2014-06-03 17:42:30&amp;apos;
System info: host: &amp;apos;Dinesh-PC&amp;apos;, ip: &amp;apos;192.168.0.101&amp;apos;, os.name: &amp;apos;Windows 7&amp;apos;, os.arch: &amp;apos;x86&amp;apos;, os.version: &amp;apos;6.1&amp;apos;, java.version: &amp;apos;1.7.0_65&amp;apos;
Driver info: org.openqa.selenium.chrome.ChromeDriver">
      <![CDATA[org.openqa.selenium.WebDriverException: unknown error: chrome failed to start
  (Driver info: chromedriver=2.10.267521,platform=Windows NT 6.1 SP1 x86) (WARNING: The server did not provide any stacktrace information)
Command duration or timeout: 1.08 seconds
Build info: version: '2.42.2', revision: '6a6995d', time: '2014-06-03 17:42:30'
System info: host: 'Dinesh-PC', ip: '192.168.0.101', os.name: 'Windows 7', os.arch: 'x86', os.version: '6.1', java.version: '1.7.0_65'
Driver info: org.openqa.selenium.chrome.ChromeDriver
	at org.openqa.selenium.remote.ErrorHandler.createThrowable(ErrorHandler.java:204)
	at org.openqa.selenium.remote.ErrorHandler.throwIfResponseFailed(ErrorHandler.java:156)
	at org.openqa.selenium.remote.RemoteWebDriver.execute(RemoteWebDriver.java:599)
	at org.openqa.selenium.remote.RemoteWebDriver.startSession(RemoteWebDriver.java:240)
	at org.openqa.selenium.remote.RemoteWebDriver.<init>(RemoteWebDriver.java:126)
	at org.openqa.selenium.remote.RemoteWebDriver.<init>(RemoteWebDriver.java:139)
	at org.openqa.selenium.chrome.ChromeDriver.<init>(ChromeDriver.java:171)
	at org.openqa.selenium.chrome.ChromeDriver.<init>(ChromeDriver.java:139)
	at test.FullPanel3.beforeTest(FullPanel3.java:31)
	at java.util.concurrent.ThreadPoolExecutor.runWorker(Unknown Source)
	at java.util.concurrent.ThreadPoolExecutor$Worker.run(Unknown Source)
	at java.lang.Thread.run(Unknown Source)
... Removed 16 stack frames]]>
    </failure>
  </testcase> <!-- @BeforeMethod beforeTest -->
  <testcase name="@BeforeMethod beforeTest" time="0.0" classname="test.PanelWithDrawers2">
    <failure type="org.openqa.selenium.WebDriverException" message="unknown error: chrome failed to start
  (Driver info: chromedriver=2.10.267521,platform=Windows NT 6.1 SP1 x86) (WARNING: The server did not provide any stacktrace information)
Command duration or timeout: 1.12 seconds
Build info: version: &amp;apos;2.42.2&amp;apos;, revision: &amp;apos;6a6995d&amp;apos;, time: &amp;apos;2014-06-03 17:42:30&amp;apos;
System info: host: &amp;apos;Dinesh-PC&amp;apos;, ip: &amp;apos;192.168.0.101&amp;apos;, os.name: &amp;apos;Windows 7&amp;apos;, os.arch: &amp;apos;x86&amp;apos;, os.version: &amp;apos;6.1&amp;apos;, java.version: &amp;apos;1.7.0_65&amp;apos;
Driver info: org.openqa.selenium.chrome.ChromeDriver">
      <![CDATA[org.openqa.selenium.WebDriverException: unknown error: chrome failed to start
  (Driver info: chromedriver=2.10.267521,platform=Windows NT 6.1 SP1 x86) (WARNING: The server did not provide any stacktrace information)
Command duration or timeout: 1.12 seconds
Build info: version: '2.42.2', revision: '6a6995d', time: '2014-06-03 17:42:30'
System info: host: 'Dinesh-PC', ip: '192.168.0.101', os.name: 'Windows 7', os.arch: 'x86', os.version: '6.1', java.version: '1.7.0_65'
Driver info: org.openqa.selenium.chrome.ChromeDriver
	at org.openqa.selenium.remote.ErrorHandler.createThrowable(ErrorHandler.java:204)
	at org.openqa.selenium.remote.ErrorHandler.throwIfResponseFailed(ErrorHandler.java:156)
	at org.openqa.selenium.remote.RemoteWebDriver.execute(RemoteWebDriver.java:599)
	at org.openqa.selenium.remote.RemoteWebDriver.startSession(RemoteWebDriver.java:240)
	at org.openqa.selenium.remote.RemoteWebDriver.<init>(RemoteWebDriver.java:126)
	at org.openqa.selenium.remote.RemoteWebDriver.<init>(RemoteWebDriver.java:139)
	at org.openqa.selenium.chrome.ChromeDriver.<init>(ChromeDriver.java:171)
	at org.openqa.selenium.chrome.ChromeDriver.<init>(ChromeDriver.java:139)
	at test.PanelWithDrawers2.beforeTest(PanelWithDrawers2.java:31)
	at java.util.concurrent.ThreadPoolExecutor.runWorker(Unknown Source)
	at java.util.concurrent.ThreadPoolExecutor$Worker.run(Unknown Source)
	at java.lang.Thread.run(Unknown Source)
... Removed 16 stack frames]]>
    </failure>
  </testcase> <!-- @BeforeMethod beforeTest -->
  <testcase name="@BeforeMethod beforeTest" time="0.0" classname="test.PanelWithDrawers1">
    <failure type="org.openqa.selenium.WebDriverException" message="unknown error: chrome failed to start
  (Driver info: chromedriver=2.10.267521,platform=Windows NT 6.1 SP1 x86) (WARNING: The server did not provide any stacktrace information)
Command duration or timeout: 1.13 seconds
Build info: version: &amp;apos;2.42.2&amp;apos;, revision: &amp;apos;6a6995d&amp;apos;, time: &amp;apos;2014-06-03 17:42:30&amp;apos;
System info: host: &amp;apos;Dinesh-PC&amp;apos;, ip: &amp;apos;192.168.0.101&amp;apos;, os.name: &amp;apos;Windows 7&amp;apos;, os.arch: &amp;apos;x86&amp;apos;, os.version: &amp;apos;6.1&amp;apos;, java.version: &amp;apos;1.7.0_65&amp;apos;
Driver info: org.openqa.selenium.chrome.ChromeDriver">
      <![CDATA[org.openqa.selenium.WebDriverException: unknown error: chrome failed to start
  (Driver info: chromedriver=2.10.267521,platform=Windows NT 6.1 SP1 x86) (WARNING: The server did not provide any stacktrace information)
Command duration or timeout: 1.13 seconds
Build info: version: '2.42.2', revision: '6a6995d', time: '2014-06-03 17:42:30'
System info: host: 'Dinesh-PC', ip: '192.168.0.101', os.name: 'Windows 7', os.arch: 'x86', os.version: '6.1', java.version: '1.7.0_65'
Driver info: org.openqa.selenium.chrome.ChromeDriver
	at org.openqa.selenium.remote.ErrorHandler.createThrowable(ErrorHandler.java:204)
	at org.openqa.selenium.remote.ErrorHandler.throwIfResponseFailed(ErrorHandler.java:156)
	at org.openqa.selenium.remote.RemoteWebDriver.execute(RemoteWebDriver.java:599)
	at org.openqa.selenium.remote.RemoteWebDriver.startSession(RemoteWebDriver.java:240)
	at org.openqa.selenium.remote.RemoteWebDriver.<init>(RemoteWebDriver.java:126)
	at org.openqa.selenium.remote.RemoteWebDriver.<init>(RemoteWebDriver.java:139)
	at org.openqa.selenium.chrome.ChromeDriver.<init>(ChromeDriver.java:171)
	at org.openqa.selenium.chrome.ChromeDriver.<init>(ChromeDriver.java:139)
	at test.PanelWithDrawers1.beforeTest(PanelWithDrawers1.java:31)
	at java.util.concurrent.ThreadPoolExecutor.runWorker(Unknown Source)
	at java.util.concurrent.ThreadPoolExecutor$Worker.run(Unknown Source)
	at java.lang.Thread.run(Unknown Source)
... Removed 16 stack frames]]>
    </failure>
  </testcase> <!-- @BeforeMethod beforeTest -->
  <testcase name="@BeforeMethod beforeTest" time="0.0" classname="test.FullPanel2">
    <failure type="org.openqa.selenium.WebDriverException" message="unknown error: chrome failed to start
  (Driver info: chromedriver=2.10.267521,platform=Windows NT 6.1 SP1 x86) (WARNING: The server did not provide any stacktrace information)
Command duration or timeout: 1.15 seconds
Build info: version: &amp;apos;2.42.2&amp;apos;, revision: &amp;apos;6a6995d&amp;apos;, time: &amp;apos;2014-06-03 17:42:30&amp;apos;
System info: host: &amp;apos;Dinesh-PC&amp;apos;, ip: &amp;apos;192.168.0.101&amp;apos;, os.name: &amp;apos;Windows 7&amp;apos;, os.arch: &amp;apos;x86&amp;apos;, os.version: &amp;apos;6.1&amp;apos;, java.version: &amp;apos;1.7.0_65&amp;apos;
Driver info: org.openqa.selenium.chrome.ChromeDriver">
      <![CDATA[org.openqa.selenium.WebDriverException: unknown error: chrome failed to start
  (Driver info: chromedriver=2.10.267521,platform=Windows NT 6.1 SP1 x86) (WARNING: The server did not provide any stacktrace information)
Command duration or timeout: 1.15 seconds
Build info: version: '2.42.2', revision: '6a6995d', time: '2014-06-03 17:42:30'
System info: host: 'Dinesh-PC', ip: '192.168.0.101', os.name: 'Windows 7', os.arch: 'x86', os.version: '6.1', java.version: '1.7.0_65'
Driver info: org.openqa.selenium.chrome.ChromeDriver
	at org.openqa.selenium.remote.ErrorHandler.createThrowable(ErrorHandler.java:204)
	at org.openqa.selenium.remote.ErrorHandler.throwIfResponseFailed(ErrorHandler.java:156)
	at org.openqa.selenium.remote.RemoteWebDriver.execute(RemoteWebDriver.java:599)
	at org.openqa.selenium.remote.RemoteWebDriver.startSession(RemoteWebDriver.java:240)
	at org.openqa.selenium.remote.RemoteWebDriver.<init>(RemoteWebDriver.java:126)
	at org.openqa.selenium.remote.RemoteWebDriver.<init>(RemoteWebDriver.java:139)
	at org.openqa.selenium.chrome.ChromeDriver.<init>(ChromeDriver.java:171)
	at org.openqa.selenium.chrome.ChromeDriver.<init>(ChromeDriver.java:139)
	at test.FullPanel2.beforeTest(FullPanel2.java:31)
	at java.util.concurrent.ThreadPoolExecutor.runWorker(Unknown Source)
	at java.util.concurrent.ThreadPoolExecutor$Worker.run(Unknown Source)
	at java.lang.Thread.run(Unknown Source)
... Removed 16 stack frames]]>
    </failure>
  </testcase> <!-- @BeforeMethod beforeTest -->
  <testcase name="@AfterMethod afterTest" time="0.0" classname="test.FullPanel2">
    <skipped/>
  </testcase> <!-- @AfterMethod afterTest -->
  <testcase name="@AfterMethod afterTest" time="0.0" classname="test.PanelWithDrawers1">
    <skipped/>
  </testcase> <!-- @AfterMethod afterTest -->
  <testcase name="@AfterMethod afterTest" time="0.0" classname="test.FullPanel1">
    <skipped/>
  </testcase> <!-- @AfterMethod afterTest -->
  <testcase name="@AfterMethod afterTest" time="0.0" classname="test.PanelWithDrawers2">
    <skipped/>
  </testcase> <!-- @AfterMethod afterTest -->
  <testcase name="@AfterMethod afterTest" time="0.0" classname="test.FullPanel3">
    <skipped/>
  </testcase> <!-- @AfterMethod afterTest -->
  <testcase name="@BeforeMethod beforeTest" time="0.0" classname="test.Sliding2">
    <failure type="org.openqa.selenium.WebDriverException" message="unknown error: chrome failed to start
  (Driver info: chromedriver=2.10.267521,platform=Windows NT 6.1 SP1 x86) (WARNING: The server did not provide any stacktrace information)
Command duration or timeout: 610 milliseconds
Build info: version: &amp;apos;2.42.2&amp;apos;, revision: &amp;apos;6a6995d&amp;apos;, time: &amp;apos;2014-06-03 17:42:30&amp;apos;
System info: host: &amp;apos;Dinesh-PC&amp;apos;, ip: &amp;apos;192.168.0.101&amp;apos;, os.name: &amp;apos;Windows 7&amp;apos;, os.arch: &amp;apos;x86&amp;apos;, os.version: &amp;apos;6.1&amp;apos;, java.version: &amp;apos;1.7.0_65&amp;apos;
Driver info: org.openqa.selenium.chrome.ChromeDriver">
      <![CDATA[org.openqa.selenium.WebDriverException: unknown error: chrome failed to start
  (Driver info: chromedriver=2.10.267521,platform=Windows NT 6.1 SP1 x86) (WARNING: The server did not provide any stacktrace information)
Command duration or timeout: 610 milliseconds
Build info: version: '2.42.2', revision: '6a6995d', time: '2014-06-03 17:42:30'
System info: host: 'Dinesh-PC', ip: '192.168.0.101', os.name: 'Windows 7', os.arch: 'x86', os.version: '6.1', java.version: '1.7.0_65'
Driver info: org.openqa.selenium.chrome.ChromeDriver
	at org.openqa.selenium.remote.ErrorHandler.createThrowable(ErrorHandler.java:204)
	at org.openqa.selenium.remote.ErrorHandler.throwIfResponseFailed(ErrorHandler.java:156)
	at org.openqa.selenium.remote.RemoteWebDriver.execute(RemoteWebDriver.java:599)
	at org.openqa.selenium.remote.RemoteWebDriver.startSession(RemoteWebDriver.java:240)
	at org.openqa.selenium.remote.RemoteWebDriver.<init>(RemoteWebDriver.java:126)
	at org.openqa.selenium.remote.RemoteWebDriver.<init>(RemoteWebDriver.java:139)
	at org.openqa.selenium.chrome.ChromeDriver.<init>(ChromeDriver.java:171)
	at org.openqa.selenium.chrome.ChromeDriver.<init>(ChromeDriver.java:139)
	at test.Sliding2.beforeTest(Sliding2.java:31)
	at java.util.concurrent.ThreadPoolExecutor.runWorker(Unknown Source)
	at java.util.concurrent.ThreadPoolExecutor$Worker.run(Unknown Source)
	at java.lang.Thread.run(Unknown Source)
... Removed 16 stack frames]]>
    </failure>
  </testcase> <!-- @BeforeMethod beforeTest -->
  <testcase name="@AfterMethod afterTest" time="0.0" classname="test.Sliding2">
    <skipped/>
  </testcase> <!-- @AfterMethod afterTest -->
  <testcase name="@BeforeMethod beforeTest" time="0.0" classname="test.Sliding3">
    <failure type="org.openqa.selenium.WebDriverException" message="unknown error: chrome failed to start
  (Driver info: chromedriver=2.10.267521,platform=Windows NT 6.1 SP1 x86) (WARNING: The server did not provide any stacktrace information)
Command duration or timeout: 704 milliseconds
Build info: version: &amp;apos;2.42.2&amp;apos;, revision: &amp;apos;6a6995d&amp;apos;, time: &amp;apos;2014-06-03 17:42:30&amp;apos;
System info: host: &amp;apos;Dinesh-PC&amp;apos;, ip: &amp;apos;192.168.0.101&amp;apos;, os.name: &amp;apos;Windows 7&amp;apos;, os.arch: &amp;apos;x86&amp;apos;, os.version: &amp;apos;6.1&amp;apos;, java.version: &amp;apos;1.7.0_65&amp;apos;
Driver info: org.openqa.selenium.chrome.ChromeDriver">
      <![CDATA[org.openqa.selenium.WebDriverException: unknown error: chrome failed to start
  (Driver info: chromedriver=2.10.267521,platform=Windows NT 6.1 SP1 x86) (WARNING: The server did not provide any stacktrace information)
Command duration or timeout: 704 milliseconds
Build info: version: '2.42.2', revision: '6a6995d', time: '2014-06-03 17:42:30'
System info: host: 'Dinesh-PC', ip: '192.168.0.101', os.name: 'Windows 7', os.arch: 'x86', os.version: '6.1', java.version: '1.7.0_65'
Driver info: org.openqa.selenium.chrome.ChromeDriver
	at org.openqa.selenium.remote.ErrorHandler.createThrowable(ErrorHandler.java:204)
	at org.openqa.selenium.remote.ErrorHandler.throwIfResponseFailed(ErrorHandler.java:156)
	at org.openqa.selenium.remote.RemoteWebDriver.execute(RemoteWebDriver.java:599)
	at org.openqa.selenium.remote.RemoteWebDriver.startSession(RemoteWebDriver.java:240)
	at org.openqa.selenium.remote.RemoteWebDriver.<init>(RemoteWebDriver.java:126)
	at org.openqa.selenium.remote.RemoteWebDriver.<init>(RemoteWebDriver.java:139)
	at org.openqa.selenium.chrome.ChromeDriver.<init>(ChromeDriver.java:171)
	at org.openqa.selenium.chrome.ChromeDriver.<init>(ChromeDriver.java:139)
	at test.Sliding3.beforeTest(Sliding3.java:31)
	at java.util.concurrent.ThreadPoolExecutor.runWorker(Unknown Source)
	at java.util.concurrent.ThreadPoolExecutor$Worker.run(Unknown Source)
	at java.lang.Thread.run(Unknown Source)
... Removed 16 stack frames]]>
    </failure>
  </testcase> <!-- @BeforeMethod beforeTest -->
  <testcase name="@AfterMethod afterTest" time="0.0" classname="test.Sliding3">
    <skipped/>
  </testcase> <!-- @AfterMethod afterTest -->
  <testcase name="@BeforeMethod beforeTest" time="0.0" classname="test.Sliding1">
    <failure type="org.openqa.selenium.WebDriverException" message="unknown error: chrome failed to start
  (Driver info: chromedriver=2.10.267521,platform=Windows NT 6.1 SP1 x86) (WARNING: The server did not provide any stacktrace information)
Command duration or timeout: 1.10 seconds
Build info: version: &amp;apos;2.42.2&amp;apos;, revision: &amp;apos;6a6995d&amp;apos;, time: &amp;apos;2014-06-03 17:42:30&amp;apos;
System info: host: &amp;apos;Dinesh-PC&amp;apos;, ip: &amp;apos;192.168.0.101&amp;apos;, os.name: &amp;apos;Windows 7&amp;apos;, os.arch: &amp;apos;x86&amp;apos;, os.version: &amp;apos;6.1&amp;apos;, java.version: &amp;apos;1.7.0_65&amp;apos;
Driver info: org.openqa.selenium.chrome.ChromeDriver">
      <![CDATA[org.openqa.selenium.WebDriverException: unknown error: chrome failed to start
  (Driver info: chromedriver=2.10.267521,platform=Windows NT 6.1 SP1 x86) (WARNING: The server did not provide any stacktrace information)
Command duration or timeout: 1.10 seconds
Build info: version: '2.42.2', revision: '6a6995d', time: '2014-06-03 17:42:30'
System info: host: 'Dinesh-PC', ip: '192.168.0.101', os.name: 'Windows 7', os.arch: 'x86', os.version: '6.1', java.version: '1.7.0_65'
Driver info: org.openqa.selenium.chrome.ChromeDriver
	at org.openqa.selenium.remote.ErrorHandler.createThrowable(ErrorHandler.java:204)
	at org.openqa.selenium.remote.ErrorHandler.throwIfResponseFailed(ErrorHandler.java:156)
	at org.openqa.selenium.remote.RemoteWebDriver.execute(RemoteWebDriver.java:599)
	at org.openqa.selenium.remote.RemoteWebDriver.startSession(RemoteWebDriver.java:240)
	at org.openqa.selenium.remote.RemoteWebDriver.<init>(RemoteWebDriver.java:126)
	at org.openqa.selenium.remote.RemoteWebDriver.<init>(RemoteWebDriver.java:139)
	at org.openqa.selenium.chrome.ChromeDriver.<init>(ChromeDriver.java:171)
	at org.openqa.selenium.chrome.ChromeDriver.<init>(ChromeDriver.java:139)
	at test.Sliding1.beforeTest(Sliding1.java:31)
	at java.util.concurrent.ThreadPoolExecutor.runWorker(Unknown Source)
	at java.util.concurrent.ThreadPoolExecutor$Worker.run(Unknown Source)
	at java.lang.Thread.run(Unknown Source)
... Removed 16 stack frames]]>
    </failure>
  </testcase> <!-- @BeforeMethod beforeTest -->
  <testcase name="@AfterMethod afterTest" time="0.0" classname="test.Sliding1">
    <skipped/>
  </testcase> <!-- @AfterMethod afterTest -->
  <testcase name="@BeforeMethod beforeTest" time="0.0" classname="test.PanelWithDrawers3">
    <failure type="org.openqa.selenium.WebDriverException" message="unknown error: chrome failed to start
  (Driver info: chromedriver=2.10.267521,platform=Windows NT 6.1 SP1 x86) (WARNING: The server did not provide any stacktrace information)
Command duration or timeout: 1.19 seconds
Build info: version: &amp;apos;2.42.2&amp;apos;, revision: &amp;apos;6a6995d&amp;apos;, time: &amp;apos;2014-06-03 17:42:30&amp;apos;
System info: host: &amp;apos;Dinesh-PC&amp;apos;, ip: &amp;apos;192.168.0.101&amp;apos;, os.name: &amp;apos;Windows 7&amp;apos;, os.arch: &amp;apos;x86&amp;apos;, os.version: &amp;apos;6.1&amp;apos;, java.version: &amp;apos;1.7.0_65&amp;apos;
Driver info: org.openqa.selenium.chrome.ChromeDriver">
      <![CDATA[org.openqa.selenium.WebDriverException: unknown error: chrome failed to start
  (Driver info: chromedriver=2.10.267521,platform=Windows NT 6.1 SP1 x86) (WARNING: The server did not provide any stacktrace information)
Command duration or timeout: 1.19 seconds
Build info: version: '2.42.2', revision: '6a6995d', time: '2014-06-03 17:42:30'
System info: host: 'Dinesh-PC', ip: '192.168.0.101', os.name: 'Windows 7', os.arch: 'x86', os.version: '6.1', java.version: '1.7.0_65'
Driver info: org.openqa.selenium.chrome.ChromeDriver
	at org.openqa.selenium.remote.ErrorHandler.createThrowable(ErrorHandler.java:204)
	at org.openqa.selenium.remote.ErrorHandler.throwIfResponseFailed(ErrorHandler.java:156)
	at org.openqa.selenium.remote.RemoteWebDriver.execute(RemoteWebDriver.java:599)
	at org.openqa.selenium.remote.RemoteWebDriver.startSession(RemoteWebDriver.java:240)
	at org.openqa.selenium.remote.RemoteWebDriver.<init>(RemoteWebDriver.java:126)
	at org.openqa.selenium.remote.RemoteWebDriver.<init>(RemoteWebDriver.java:139)
	at org.openqa.selenium.chrome.ChromeDriver.<init>(ChromeDriver.java:171)
	at org.openqa.selenium.chrome.ChromeDriver.<init>(ChromeDriver.java:139)
	at test.PanelWithDrawers3.beforeTest(PanelWithDrawers3.java:31)
	at java.util.concurrent.ThreadPoolExecutor.runWorker(Unknown Source)
	at java.util.concurrent.ThreadPoolExecutor$Worker.run(Unknown Source)
	at java.lang.Thread.run(Unknown Source)
... Removed 16 stack frames]]>
    </failure>
  </testcase> <!-- @BeforeMethod beforeTest -->
  <testcase name="@AfterMethod afterTest" time="0.0" classname="test.PanelWithDrawers3">
    <skipped/>
  </testcase> <!-- @AfterMethod afterTest -->
  <testcase name="fullPanelDoors" time="0.001" classname="test.FullPanel2">
    <skipped/>
  </testcase> <!-- fullPanelDoors -->
  <testcase name="panelWithDrawers" time="0.001" classname="test.PanelWithDrawers1">
    <skipped/>
  </testcase> <!-- panelWithDrawers -->
  <testcase name="fullPanelDoors" time="0.0" classname="test.FullPanel1">
    <skipped/>
  </testcase> <!-- fullPanelDoors -->
  <testcase name="panelWithDrawers" time="0.001" classname="test.PanelWithDrawers2">
    <skipped/>
  </testcase> <!-- panelWithDrawers -->
  <testcase name="fullPanelDoors" time="0.001" classname="test.FullPanel3">
    <skipped/>
  </testcase> <!-- fullPanelDoors -->
  <testcase name="slidingDoors" time="0.002" classname="test.Sliding2">
    <skipped/>
  </testcase> <!-- slidingDoors -->
  <testcase name="slidingDoors" time="0.001" classname="test.Sliding3">
    <skipped/>
  </testcase> <!-- slidingDoors -->
  <testcase name="slidingDoors" time="0.002" classname="test.Sliding1">
    <skipped/>
  </testcase> <!-- slidingDoors -->
  <testcase name="panelWithDrawers" time="0.001" classname="test.PanelWithDrawers3">
    <skipped/>
  </testcase> <!-- panelWithDrawers -->
</testsuite> <!-- tests -->
